# JRE version: Java(TM) SE Runtime Environment (11.0+28) (build 11+28)
# Java VM: Java HotSpot(TM) 64-Bit Server VM (11+28, mixed mode, tiered, compressed oops, g1 gc, bsd-amd64)
Heap:
 garbage-first heap   total 95232K, used 76390K [0x00000007c0000000, 0x0000000800000000)
  region size 1024K, 27 young (27648K), 2 survivors (2048K)
 Metaspace       used 69868K, capacity 71247K, committed 71600K, reserved 1112064K
  class space    used 7879K, capacity 8402K, committed 8448K, reserved 1048576K
GC Heap History (10 events):
Event: 21.934 GC heap before
{Heap before GC invocations=25 (full 0):
 garbage-first heap   total 95232K, used 75901K [0x00000007c0000000, 0x0000000800000000)
  region size 1024K, 34 young (34816K), 4 survivors (4096K)
 Metaspace       used 64657K, capacity 65918K, committed 66224K, reserved 1107968K
  class space    used 7364K, capacity 7863K, committed 7936K, reserved 1048576K
}
Event: 21.944 GC heap after
{Heap after GC invocations=26 (full 0):
 garbage-first heap   total 95232K, used 48282K [0x00000007c0000000, 0x0000000800000000)
  region size 1024K, 4 young (4096K), 4 survivors (4096K)
 Metaspace       used 64657K, capacity 65918K, committed 66224K, reserved 1107968K
  class space    used 7364K, capacity 7863K, committed 7936K, reserved 1048576K
}
Event: 50.641 GC heap before
{Heap before GC invocations=27 (full 0):
 garbage-first heap   total 95232K, used 80026K [0x00000007c0000000, 0x0000000800000000)
  region size 1024K, 33 young (33792K), 4 survivors (4096K)
 Metaspace       used 69062K, capacity 70393K, committed 70832K, reserved 1112064K
  class space    used 7875K, capacity 8398K, committed 8448K, reserved 1048576K
}
Event: 50.653 GC heap after
{Heap after GC invocations=28 (full 0):
 garbage-first heap   total 95232K, used 51716K [0x00000007c0000000, 0x0000000800000000)
  region size 1024K, 4 young (4096K), 4 survivors (4096K)
 Metaspace       used 69062K, capacity 70393K, committed 70832K, reserved 1112064K
  class space    used 7875K, capacity 8398K, committed 8448K, reserved 1048576K
}
Event: 84.735 GC heap before
{Heap before GC invocations=28 (full 0):
 garbage-first heap   total 95232K, used 52740K [0x00000007c0000000, 0x0000000800000000)
  region size 1024K, 5 young (5120K), 4 survivors (4096K)
 Metaspace       used 69151K, capacity 70457K, committed 70832K, reserved 1112064K
  class space    used 7876K, capacity 8398K, committed 8448K, reserved 1048576K
}
Event: 84.763 GC heap after
{Heap after GC invocations=29 (full 0):
 garbage-first heap   total 95232K, used 51072K [0x00000007c0000000, 0x0000000800000000)
  region size 1024K, 1 young (1024K), 1 survivors (1024K)
 Metaspace       used 69151K, capacity 70457K, committed 70832K, reserved 1112064K
  class space    used 7876K, capacity 8398K, committed 8448K, reserved 1048576K
}
Event: 113.790 GC heap before
{Heap before GC invocations=29 (full 0):
 garbage-first heap   total 95232K, used 77696K [0x00000007c0000000, 0x0000000800000000)
  region size 1024K, 28 young (28672K), 1 survivors (1024K)
 Metaspace       used 69592K, capacity 70926K, committed 71344K, reserved 1112064K
  class space    used 7879K, capacity 8402K, committed 8448K, reserved 1048576K
}
Event: 113.808 GC heap after
{Heap after GC invocations=30 (full 0):
 garbage-first heap   total 95232K, used 52944K [0x00000007c0000000, 0x0000000800000000)
  region size 1024K, 3 young (3072K), 3 survivors (3072K)
 Metaspace       used 69592K, capacity 70926K, committed 71344K, reserved 1112064K
  class space    used 7879K, capacity 8402K, committed 8448K, reserved 1048576K
}
Event: 149.598 GC heap before
{Heap before GC invocations=31 (full 0):
 garbage-first heap   total 95232K, used 77520K [0x00000007c0000000, 0x0000000800000000)
  region size 1024K, 28 young (28672K), 3 survivors (3072K)
 Metaspace       used 69745K, capacity 71055K, committed 71600K, reserved 1112064K
  class space    used 7879K, capacity 8402K, committed 8448K, reserved 1048576K
}
Event: 149.602 GC heap after
{Heap after GC invocations=32 (full 0):
 garbage-first heap   total 95232K, used 52838K [0x00000007c0000000, 0x0000000800000000)
  region size 1024K, 2 young (2048K), 2 survivors (2048K)
 Metaspace       used 69745K, capacity 71055K, committed 71600K, reserved 1112064K
  class space    used 7879K, capacity 8402K, committed 8448K, reserved 1048576K
}

